2024-11-08 06:39:30,891 - INFO - url: https://raw.githubusercontent.com/yewengood/gdzb/refs/heads/main/speedtest/gddx_fofa.txt 获取成功，判断为txt格式
2024-11-08 06:39:30,893 - INFO - url: https://raw.githubusercontent.com/yewengood/gdzb/refs/heads/main/speedtest/gddx_fofa.txt 爬取成功✅，包含频道分类: 📡  电信广电
2024-11-08 06:39:31,242 - INFO - url: https://raw.githubusercontent.com/yewengood/gdtv/refs/heads/main/speedtest/gdtv_fofa.txt 获取成功，判断为txt格式
2024-11-08 06:39:31,244 - INFO - url: https://raw.githubusercontent.com/yewengood/gdtv/refs/heads/main/speedtest/gdtv_fofa.txt 爬取成功✅，包含频道分类: 📡  电信频道
2024-11-08 06:39:31,480 - INFO - url: https://raw.githubusercontent.com/yewengood/gdzb/main/speedtest/zubo_fofa.txt 获取成功，判断为txt格式
2024-11-08 06:39:31,482 - INFO - url: https://raw.githubusercontent.com/yewengood/gdzb/main/speedtest/zubo_fofa.txt 爬取成功✅，包含频道分类: 📡  四川频道, 📡  北京联通
2024-11-08 06:39:31,715 - INFO - url: https://raw.githubusercontent.com/yewengood/-/main/888.txt 获取成功，判断为txt格式
2024-11-08 06:39:31,718 - INFO - url: https://raw.githubusercontent.com/yewengood/-/main/888.txt 爬取成功✅，包含频道分类: 广东频道, 台湾频道, NewTV频道, iHOT频道, 数字高清, 4GTV, YY精选, 斗鱼精选, 虎牙-精选, 四川电信, 电影在线, 不失效源
2024-11-08 06:39:32,723 - INFO - url: http://我不是.摸鱼儿.com/live.php 获取成功，判断为txt格式
2024-11-08 06:39:32,732 - INFO - url: http://我不是.摸鱼儿.com/live.php 爬取成功✅，包含频道分类: 摸鱼公告, 央视, 卫视, 地方频道, 数字电视, 直播, 央视网, 国际电视, 广播电台, 歌手2018, 更新时间, 📺央视频道, 💰央视付费频道, 📡卫视频道, 🏠广东频道, 🌊港·澳·台, 🎬电影频道, 🎥咪咕直播, 🏀体育频道, 🪁动画频道, 🎮游戏频道, 🎵音乐频道, 🏛经典剧场, 🈳无结果频道, 央视频道, 卫视频道, 电影频道, 数字频道, 儿童频道, 纪录频道, 体育频道, 游戏频道
2024-11-08 06:39:32,909 - INFO - url: https://raw.githubusercontent.com/yewengood/ktv/refs/heads/main/speedtest/gdtv_fofa.txt 获取成功，判断为txt格式
2024-11-08 06:39:32,909 - INFO - url: https://raw.githubusercontent.com/yewengood/ktv/refs/heads/main/speedtest/gdtv_fofa.txt 爬取成功✅，包含频道分类: 📡  电信广电
2024-11-08 06:39:33,581 - INFO - url: https://raw.githubusercontent.com/yewengood/kzb/main/zhtv.txt 获取成功，判断为txt格式
2024-11-08 06:39:33,679 - INFO - url: https://raw.githubusercontent.com/yewengood/kzb/main/zhtv.txt 爬取成功✅，包含频道分类: 📡  综合
2024-11-08 06:39:43,187 - INFO - url: https://www.huanghuadi.com.cn/live.txt 获取成功，判断为txt格式
2024-11-08 06:39:43,189 - INFO - url: https://www.huanghuadi.com.cn/live.txt 爬取成功✅，包含频道分类: 📡  广东频道
2024-11-08 06:39:43,578 - INFO - url: http://aktv.top/live.m3u 获取成功，判断为m3u格式
2024-11-08 06:39:45,183 - INFO - url: http://kxrj.site:567/gggg.nzk 获取成功，判断为txt格式
2024-11-08 06:39:45,195 - INFO - url: http://kxrj.site:567/gggg.nzk 爬取成功✅，包含频道分类: NBA咪咕, 欣赏频道, 央卫频道, 港闽AKtv, 粤港澳闽, 粤桂频道, 央卫斯特, 特区斯特, 闽南斯特, 央卫肆贰, 特区肆贰, 闽南肆贰, 央卫频陆, 特区频陆, 闽南频陆, 童年频道, 抖音电台, 广东频道, 足球粤评, 篮球粤评, 大地恩情, 粤经典剧, 射雕英雄, 神雕侠侣, 视觉效果, 动感舞曲, 红歌音乐, 龙年电影, 梅州移动, 北京联通, 北京电信, 山东移动, 天津联通, 绍兴联通, 重庆联通, 湖南联通, 上海电信, 安徽电信, 陕西电信, 浙江电信, 山东电信, 福建电信, 广西电信, 山西电信, 河北电信, 湖北电信, 四川电信, 赤峰电信, 新闻频陆, 跑马频陆, 体育频陆, 电影频陆, 儿童频陆, 知识频陆, 新坡频陆, 马亚频陆, 印度频陆, 加大频陆, 日本频陆, 韩国频陆, 美国频陆
2024-11-08 06:39:48,011 - INFO - url: http://rihou.cc:567/gggg.nzk 获取成功，判断为txt格式
2024-11-08 06:39:48,024 - INFO - url: http://rihou.cc:567/gggg.nzk 爬取成功✅，包含频道分类: NBA咪咕, 欣赏频道, 央卫频道, 港闽AKtv, 粤港澳闽, 粤桂频道, 央卫斯特, 特区斯特, 闽南斯特, 央卫肆贰, 特区肆贰, 闽南肆贰, 童年频道, 抖音电台, 广东频道, 足球粤评, 篮球粤评, 大地恩情, 粤经典剧, 射雕英雄, 神雕侠侣, 视觉效果, 动感舞曲, 红歌音乐, 龙年电影, 梅州移动, 北京联通, 北京电信, 山东移动, 山东联通, 天津联通, 绍兴联通, 重庆联通, 山西联通, 上海电信, 安徽电信, 陕西电信, 浙江电信, 福建电信, 广西电信, 山西电信, 河北电信, 湖北电信, 四川电信, 赤峰电信
2024-11-08 06:41:28,214 - ERROR - url: http://free.xiptv.x10.bz/p3p.php 爬取失败❌, Error: 524 Server Error:  for url: http://free.xiptv.x10.bz/p3p.php
